Started GET "/" for 127.0.0.1 at 2024-05-08 10:57:18 +0600
  
ActiveRecord::NoDatabaseError (We could not find your database: store_development. Available database configurations can be found in config/database.yml.

To resolve this error:

- Did you not create the database, or did you delete it? To create the database, run:

    bin/rails db:create

- Has the database name changed? Verify that config/database.yml contains the correct database name.
):
  
activerecord (7.1.3.2) lib/active_record/connection_adapters/postgresql_adapter.rb:74:in `rescue in new_client'
activerecord (7.1.3.2) lib/active_record/connection_adapters/postgresql_adapter.rb:68:in `new_client'
activerecord (7.1.3.2) lib/active_record/connection_adapters/postgresql_adapter.rb:980:in `connect'
activerecord (7.1.3.2) lib/active_record/connection_adapters/postgresql_adapter.rb:992:in `reconnect'
activerecord (7.1.3.2) lib/active_record/connection_adapters/abstract_adapter.rb:685:in `block in reconnect!'
activesupport (7.1.3.2) lib/active_support/concurrency/null_lock.rb:9:in `synchronize'
activerecord (7.1.3.2) lib/active_record/connection_adapters/abstract_adapter.rb:684:in `reconnect!'
activerecord (7.1.3.2) lib/active_record/connection_adapters/abstract_adapter.rb:788:in `verify!'
activerecord (7.1.3.2) lib/active_record/connection_adapters/abstract_adapter.rb:795:in `connect!'
activerecord (7.1.3.2) lib/active_record/connection_adapters/abstract_adapter.rb:1001:in `block in with_raw_connection'
activesupport (7.1.3.2) lib/active_support/concurrency/null_lock.rb:9:in `synchronize'
activerecord (7.1.3.2) lib/active_record/connection_adapters/abstract_adapter.rb:1000:in `with_raw_connection'
activerecord (7.1.3.2) lib/active_record/connection_adapters/abstract_adapter.rb:1113:in `valid_raw_connection'
activerecord (7.1.3.2) lib/active_record/connection_adapters/postgresql_adapter.rb:616:in `get_database_version'
activerecord (7.1.3.2) lib/active_record/connection_adapters/schema_cache.rb:374:in `database_version'
activerecord (7.1.3.2) lib/active_record/connection_adapters/schema_cache.rb:70:in `database_version'
activerecord (7.1.3.2) lib/active_record/connection_adapters/schema_cache.rb:200:in `database_version'
activerecord (7.1.3.2) lib/active_record/connection_adapters/abstract_adapter.rb:871:in `database_version'
activerecord (7.1.3.2) lib/active_record/connection_adapters/postgresql_adapter.rb:644:in `check_version'
activerecord (7.1.3.2) lib/active_record/connection_adapters/abstract/connection_pool.rb:678:in `new_connection'
activerecord (7.1.3.2) lib/active_record/connection_adapters/abstract/connection_pool.rb:723:in `checkout_new_connection'
activerecord (7.1.3.2) lib/active_record/connection_adapters/abstract/connection_pool.rb:702:in `try_to_checkout_new_connection'
activerecord (7.1.3.2) lib/active_record/connection_adapters/abstract/connection_pool.rb:654:in `acquire_connection'
activerecord (7.1.3.2) lib/active_record/connection_adapters/abstract/connection_pool.rb:353:in `checkout'
activerecord (7.1.3.2) lib/active_record/connection_adapters/abstract/connection_pool.rb:182:in `connection'
activerecord (7.1.3.2) lib/active_record/migration/pending_migration_connection.rb:8:in `establish_temporary_connection'
activerecord (7.1.3.2) lib/active_record/migration.rb:774:in `block in pending_migrations'
activerecord (7.1.3.2) lib/active_record/migration.rb:773:in `each'
activerecord (7.1.3.2) lib/active_record/migration.rb:773:in `pending_migrations'
activerecord (7.1.3.2) lib/active_record/migration.rb:752:in `check_pending_migrations'
activerecord (7.1.3.2) lib/active_record/migration.rb:644:in `block (2 levels) in call'
activesupport (7.1.3.2) lib/active_support/file_update_checker.rb:85:in `execute'
activerecord (7.1.3.2) lib/active_record/migration.rb:649:in `block in call'
activerecord (7.1.3.2) lib/active_record/migration.rb:641:in `synchronize'
activerecord (7.1.3.2) lib/active_record/migration.rb:641:in `call'
actionpack (7.1.3.2) lib/action_dispatch/middleware/callbacks.rb:29:in `block in call'
activesupport (7.1.3.2) lib/active_support/callbacks.rb:101:in `run_callbacks'
actionpack (7.1.3.2) lib/action_dispatch/middleware/callbacks.rb:28:in `call'
actionpack (7.1.3.2) lib/action_dispatch/middleware/executor.rb:14:in `call'
actionpack (7.1.3.2) lib/action_dispatch/middleware/actionable_exceptions.rb:16:in `call'
actionpack (7.1.3.2) lib/action_dispatch/middleware/debug_exceptions.rb:29:in `call'
web-console (4.2.1) lib/web_console/middleware.rb:132:in `call_app'
web-console (4.2.1) lib/web_console/middleware.rb:28:in `block in call'
web-console (4.2.1) lib/web_console/middleware.rb:17:in `catch'
web-console (4.2.1) lib/web_console/middleware.rb:17:in `call'
actionpack (7.1.3.2) lib/action_dispatch/middleware/show_exceptions.rb:31:in `call'
railties (7.1.3.2) lib/rails/rack/logger.rb:37:in `call_app'
railties (7.1.3.2) lib/rails/rack/logger.rb:24:in `block in call'
activesupport (7.1.3.2) lib/active_support/tagged_logging.rb:135:in `block in tagged'
activesupport (7.1.3.2) lib/active_support/tagged_logging.rb:39:in `tagged'
activesupport (7.1.3.2) lib/active_support/tagged_logging.rb:135:in `tagged'
activesupport (7.1.3.2) lib/active_support/broadcast_logger.rb:240:in `method_missing'
railties (7.1.3.2) lib/rails/rack/logger.rb:24:in `call'
sprockets-rails (3.4.2) lib/sprockets/rails/quiet_assets.rb:13:in `call'
actionpack (7.1.3.2) lib/action_dispatch/middleware/remote_ip.rb:92:in `call'
actionpack (7.1.3.2) lib/action_dispatch/middleware/request_id.rb:28:in `call'
rack (3.0.10) lib/rack/method_override.rb:28:in `call'
rack (3.0.10) lib/rack/runtime.rb:24:in `call'
activesupport (7.1.3.2) lib/active_support/cache/strategy/local_cache_middleware.rb:29:in `call'
actionpack (7.1.3.2) lib/action_dispatch/middleware/server_timing.rb:59:in `block in call'
actionpack (7.1.3.2) lib/action_dispatch/middleware/server_timing.rb:24:in `collect_events'
actionpack (7.1.3.2) lib/action_dispatch/middleware/server_timing.rb:58:in `call'
actionpack (7.1.3.2) lib/action_dispatch/middleware/executor.rb:14:in `call'
actionpack (7.1.3.2) lib/action_dispatch/middleware/static.rb:25:in `call'
rack (3.0.10) lib/rack/sendfile.rb:114:in `call'
actionpack (7.1.3.2) lib/action_dispatch/middleware/host_authorization.rb:141:in `call'
railties (7.1.3.2) lib/rails/engine.rb:536:in `call'
puma (6.4.2) lib/puma/configuration.rb:272:in `call'
puma (6.4.2) lib/puma/request.rb:100:in `block in handle_request'
puma (6.4.2) lib/puma/thread_pool.rb:378:in `with_force_shutdown'
puma (6.4.2) lib/puma/request.rb:99:in `handle_request'
puma (6.4.2) lib/puma/server.rb:464:in `process_client'
puma (6.4.2) lib/puma/server.rb:245:in `block in run'
puma (6.4.2) lib/puma/thread_pool.rb:155:in `block in spawn_thread'
  [1m[35m (1626.0ms)[0m  [1m[35mCREATE DATABASE "store_development" ENCODING = 'unicode'[0m
  [1m[35m (1096.5ms)[0m  [1m[35mCREATE DATABASE "store_test" ENCODING = 'unicode'[0m
Started GET "/" for 127.0.0.1 at 2024-05-08 10:58:02 +0600
  [1m[35m (212.8ms)[0m  [1m[35mCREATE TABLE "schema_migrations" ("version" character varying NOT NULL PRIMARY KEY)[0m
  [1m[35m (235.4ms)[0m  [1m[35mCREATE TABLE "ar_internal_metadata" ("key" character varying NOT NULL PRIMARY KEY, "value" character varying, "created_at" timestamp(6) NOT NULL, "updated_at" timestamp(6) NOT NULL)[0m
  [1m[36mActiveRecord::SchemaMigration Load (1.6ms)[0m  [1m[34mSELECT "schema_migrations"."version" FROM "schema_migrations" ORDER BY "schema_migrations"."version" ASC[0m
Processing by Rails::WelcomeController#index as HTML
  Rendering /home/samiul/.asdf/installs/ruby/3.2.2/lib/ruby/gems/3.2.0/gems/railties-7.1.3.2/lib/rails/templates/rails/welcome/index.html.erb
  Rendered /home/samiul/.asdf/installs/ruby/3.2.2/lib/ruby/gems/3.2.0/gems/railties-7.1.3.2/lib/rails/templates/rails/welcome/index.html.erb (Duration: 4.7ms | Allocations: 376)
Completed 200 OK in 59ms (Views: 19.1ms | ActiveRecord: 0.0ms | Allocations: 4940)


Started GET "/" for 127.0.0.1 at 2024-05-08 11:06:21 +0600
  [1m[36mActiveRecord::SchemaMigration Load (1.3ms)[0m  [1m[34mSELECT "schema_migrations"."version" FROM "schema_migrations" ORDER BY "schema_migrations"."version" ASC[0m
Processing by Rails::WelcomeController#index as HTML
  Rendering /home/samiul/.asdf/installs/ruby/3.2.2/lib/ruby/gems/3.2.0/gems/railties-7.1.3.2/lib/rails/templates/rails/welcome/index.html.erb
  Rendered /home/samiul/.asdf/installs/ruby/3.2.2/lib/ruby/gems/3.2.0/gems/railties-7.1.3.2/lib/rails/templates/rails/welcome/index.html.erb (Duration: 2.9ms | Allocations: 376)
Completed 200 OK in 39ms (Views: 14.7ms | ActiveRecord: 0.0ms | Allocations: 4294)


Started GET "/articles/index" for 127.0.0.1 at 2024-05-08 11:06:32 +0600
  
ActionController::RoutingError (No route matches [GET] "/articles/index"):
  
Started GET "/vegetables/index" for 127.0.0.1 at 2024-05-08 11:06:42 +0600
Processing by VegetablesController#index as HTML
  Rendering layout layouts/application.html.erb
  Rendering vegetables/index.html.erb within layouts/application
  Rendered vegetables/index.html.erb within layouts/application (Duration: 2.0ms | Allocations: 95)
  Rendered layout layouts/application.html.erb (Duration: 18877.2ms | Allocations: 144619)
Completed 200 OK in 18909ms (Views: 18904.1ms | ActiveRecord: 0.0ms | Allocations: 145533)


Started GET "/" for 127.0.0.1 at 2024-05-08 11:25:24 +0600
  [1m[36mActiveRecord::SchemaMigration Load (31.6ms)[0m  [1m[34mSELECT "schema_migrations"."version" FROM "schema_migrations" ORDER BY "schema_migrations"."version" ASC[0m
Processing by Rails::WelcomeController#index as HTML
  Rendering /home/samiul/.asdf/installs/ruby/3.2.2/lib/ruby/gems/3.2.0/gems/railties-7.1.3.2/lib/rails/templates/rails/welcome/index.html.erb
  Rendered /home/samiul/.asdf/installs/ruby/3.2.2/lib/ruby/gems/3.2.0/gems/railties-7.1.3.2/lib/rails/templates/rails/welcome/index.html.erb (Duration: 4.7ms | Allocations: 376)
Completed 200 OK in 179ms (Views: 22.8ms | ActiveRecord: 0.0ms | Allocations: 4357)


Started GET "/articles/index" for 127.0.0.1 at 2024-05-08 11:25:35 +0600
  
ActionController::RoutingError (No route matches [GET] "/articles/index"):
  
Started GET "/vegetables/index" for 127.0.0.1 at 2024-05-08 11:25:39 +0600
Processing by VegetablesController#index as HTML
  Rendering layout layouts/application.html.erb
  Rendering vegetables/index.html.erb within layouts/application
  Rendered vegetables/index.html.erb within layouts/application (Duration: 1.3ms | Allocations: 95)
  Rendered layout layouts/application.html.erb (Duration: 507.5ms | Allocations: 48645)
Completed 200 OK in 545ms (Views: 532.8ms | ActiveRecord: 0.0ms | Allocations: 49560)


Started GET "/vegetables/index" for 127.0.0.1 at 2024-05-08 11:26:20 +0600
Processing by VegetablesController#index as HTML
  Rendering layout layouts/application.html.erb
  Rendering vegetables/index.html.erb within layouts/application
  Rendered vegetables/index.html.erb within layouts/application (Duration: 1.6ms | Allocations: 98)
  Rendered layout layouts/application.html.erb (Duration: 106.9ms | Allocations: 22489)
Completed 200 OK in 115ms (Views: 112.2ms | ActiveRecord: 0.0ms | Allocations: 23403)


  [1m[35m (42.1ms)[0m  [1m[34mSELECT pg_try_advisory_lock(1042603844265157860)[0m
  [1m[36mActiveRecord::SchemaMigration Load (1.1ms)[0m  [1m[34mSELECT "schema_migrations"."version" FROM "schema_migrations" ORDER BY "schema_migrations"."version" ASC[0m
  [1m[36mActiveRecord::InternalMetadata Load (136.2ms)[0m  [1m[34mSELECT * FROM "ar_internal_metadata" WHERE "ar_internal_metadata"."key" = $1 ORDER BY "ar_internal_metadata"."key" ASC LIMIT 1[0m  [[nil, "environment"]]
  [1m[36mActiveRecord::InternalMetadata Create (153.8ms)[0m  [1m[32mINSERT INTO "ar_internal_metadata" ("key", "value", "created_at", "updated_at") VALUES ('environment', 'development', '2024-05-08 05:36:40.206014', '2024-05-08 05:36:40.206023') RETURNING "key"[0m
Migrating to CreateVegetables (20240508053622)
  [1m[36mTRANSACTION (0.3ms)[0m  [1m[35mBEGIN[0m
  [1m[35m (315.8ms)[0m  [1m[35mCREATE TABLE "vegetables" ("id" bigserial primary key, "name" character varying, "description" text, "created_at" timestamp(6) NOT NULL, "updated_at" timestamp(6) NOT NULL)[0m
  [1m[36mActiveRecord::SchemaMigration Create (1.1ms)[0m  [1m[32mINSERT INTO "schema_migrations" ("version") VALUES ('20240508053622') RETURNING "version"[0m
  [1m[36mTRANSACTION (27.1ms)[0m  [1m[35mCOMMIT[0m
  [1m[35m (1.0ms)[0m  [1m[34mSELECT pg_advisory_unlock(1042603844265157860)[0m
  [1m[36mActiveRecord::SchemaMigration Load (0.9ms)[0m  [1m[34mSELECT "schema_migrations"."version" FROM "schema_migrations" ORDER BY "schema_migrations"."version" ASC[0m
  [1m[36mActiveRecord::SchemaMigration Load (0.9ms)[0m  [1m[34mSELECT "schema_migrations"."version" FROM "schema_migrations" ORDER BY "schema_migrations"."version" ASC[0m
  [1m[36mTRANSACTION (0.2ms)[0m  [1m[35mBEGIN[0m
  [1m[36mVegetable Create (22.0ms)[0m  [1m[32mINSERT INTO "vegetables" ("name", "description", "created_at", "updated_at") VALUES ($1, $2, $3, $4) RETURNING "id"[0m  [["name", "Potato"], ["description", "A potato is a vegetable, the Solanum tuberosum."], ["created_at", "2024-05-08 05:42:32.930249"], ["updated_at", "2024-05-08 05:42:32.930249"]]
  [1m[36mTRANSACTION (56.3ms)[0m  [1m[35mCOMMIT[0m
  [1m[36mTRANSACTION (0.3ms)[0m  [1m[35mBEGIN[0m
  [1m[36mVegetable Create (3.2ms)[0m  [1m[32mINSERT INTO "vegetables" ("name", "description", "created_at", "updated_at") VALUES ($1, $2, $3, $4) RETURNING "id"[0m  [["name", "Pumpkin"], ["description", "A pumpkin is a cultivated winter squash in the genus Cucurbita"], ["created_at", "2024-05-08 05:42:33.015860"], ["updated_at", "2024-05-08 05:42:33.015860"]]
  [1m[36mTRANSACTION (53.7ms)[0m  [1m[35mCOMMIT[0m
  [1m[36mVegetable Load (1.1ms)[0m  [1m[34mSELECT "vegetables".* FROM "vegetables" /* loading for pp */ LIMIT $1[0m  [["LIMIT", 11]]
Started GET "/" for 127.0.0.1 at 2024-05-08 11:47:18 +0600
  [1m[36mActiveRecord::SchemaMigration Load (1.7ms)[0m  [1m[34mSELECT "schema_migrations"."version" FROM "schema_migrations" ORDER BY "schema_migrations"."version" ASC[0m
Processing by VegetablesController#index as HTML
  Rendering layout layouts/application.html.erb
  Rendering vegetables/index.html.erb within layouts/application
  [1m[36mVegetable Load (1.4ms)[0m  [1m[34mSELECT "vegetables".* FROM "vegetables"[0m
  ↳ app/views/vegetables/index.html.erb:4
  Rendered vegetables/index.html.erb within layouts/application (Duration: 115.1ms | Allocations: 12354)
  Rendered layout layouts/application.html.erb (Duration: 422.8ms | Allocations: 62361)
Completed 200 OK in 500ms (Views: 402.9ms | ActiveRecord: 30.7ms | Allocations: 72250)


Started GET "/" for 127.0.0.1 at 2024-05-08 11:47:42 +0600
Processing by VegetablesController#index as HTML
  Rendering layout layouts/application.html.erb
  Rendering vegetables/index.html.erb within layouts/application
  [1m[36mVegetable Load (1.2ms)[0m  [1m[34mSELECT "vegetables".* FROM "vegetables"[0m
  ↳ app/views/vegetables/index.html.erb:4
  Rendered vegetables/index.html.erb within layouts/application (Duration: 39.3ms | Allocations: 3130)
  Rendered layout layouts/application.html.erb (Duration: 209.6ms | Allocations: 25753)
Completed 200 OK in 223ms (Views: 200.8ms | ActiveRecord: 14.2ms | Allocations: 27240)


Started GET "/" for 127.0.0.1 at 2024-05-08 11:51:20 +0600
Processing by VegetablesController#index as HTML
  Rendering layout layouts/application.html.erb
  Rendering vegetables/index.html.erb within layouts/application
  [1m[36mVegetable Load (1.1ms)[0m  [1m[34mSELECT "vegetables".* FROM "vegetables"[0m
  ↳ app/views/vegetables/index.html.erb:4
  Rendered vegetables/index.html.erb within layouts/application (Duration: 39.8ms | Allocations: 3075)
  Rendered layout layouts/application.html.erb (Duration: 149.2ms | Allocations: 25503)
Completed 200 OK in 161ms (Views: 141.0ms | ActiveRecord: 13.9ms | Allocations: 26989)


Started GET "/" for 127.0.0.1 at 2024-05-08 11:51:23 +0600
Processing by VegetablesController#index as HTML
  Rendering layout layouts/application.html.erb
  Rendering vegetables/index.html.erb within layouts/application
  [1m[36mVegetable Load (1.6ms)[0m  [1m[34mSELECT "vegetables".* FROM "vegetables"[0m
  ↳ app/views/vegetables/index.html.erb:4
  Rendered vegetables/index.html.erb within layouts/application (Duration: 12.6ms | Allocations: 456)
  Rendered layout layouts/application.html.erb (Duration: 65.1ms | Allocations: 5240)
Completed 200 OK in 69ms (Views: 65.7ms | ActiveRecord: 1.5ms | Allocations: 5509)


Started GET "/articles/index" for 127.0.0.1 at 2024-05-08 11:51:27 +0600
  
ActionController::RoutingError (No route matches [GET] "/articles/index"):
  
Started GET "/1" for 127.0.0.1 at 2024-05-08 11:51:29 +0600
  
ActionController::RoutingError (No route matches [GET] "/1"):
  
Started GET "/vegetables/index/2" for 127.0.0.1 at 2024-05-08 11:51:52 +0600
  
ActionController::RoutingError (No route matches [GET] "/vegetables/index/2"):
  
Started GET "/" for 127.0.0.1 at 2024-05-08 11:55:08 +0600
  [1m[36mActiveRecord::SchemaMigration Load (1.4ms)[0m  [1m[34mSELECT "schema_migrations"."version" FROM "schema_migrations" ORDER BY "schema_migrations"."version" ASC[0m
Processing by VegetablesController#index as HTML
  Rendering layout layouts/application.html.erb
  Rendering vegetables/index.html.erb within layouts/application
  [1m[36mVegetable Load (1.4ms)[0m  [1m[34mSELECT "vegetables".* FROM "vegetables"[0m
  ↳ app/views/vegetables/index.html.erb:4
  Rendered vegetables/index.html.erb within layouts/application (Duration: 110.7ms | Allocations: 12381)
  Rendered layout layouts/application.html.erb (Duration: 420.6ms | Allocations: 61698)
Completed 200 OK in 493ms (Views: 400.1ms | ActiveRecord: 32.5ms | Allocations: 71587)


Started GET "/vegetables/1" for 127.0.0.1 at 2024-05-08 11:55:10 +0600
Processing by VegetablesController#show as HTML
  Parameters: {"id"=>"1"}
  [1m[36mVegetable Load (1.1ms)[0m  [1m[34mSELECT "vegetables".* FROM "vegetables" WHERE "vegetables"."id" = $1 LIMIT $2[0m  [["id", 1], ["LIMIT", 1]]
  ↳ app/controllers/vegetables_controller.rb:7:in `show'
  Rendering layout layouts/application.html.erb
  Rendering vegetables/show.html.erb within layouts/application
  Rendered vegetables/show.html.erb within layouts/application (Duration: 2.6ms | Allocations: 140)
  Rendered layout layouts/application.html.erb (Duration: 41.2ms | Allocations: 4952)
Completed 200 OK in 153ms (Views: 43.3ms | ActiveRecord: 1.6ms | Allocations: 7977)


Started GET "/vegetables/2" for 127.0.0.1 at 2024-05-08 11:55:13 +0600
Processing by VegetablesController#show as HTML
  Parameters: {"id"=>"2"}
  [1m[36mVegetable Load (0.8ms)[0m  [1m[34mSELECT "vegetables".* FROM "vegetables" WHERE "vegetables"."id" = $1 LIMIT $2[0m  [["id", 2], ["LIMIT", 1]]
  ↳ app/controllers/vegetables_controller.rb:7:in `show'
  Rendering layout layouts/application.html.erb
  Rendering vegetables/show.html.erb within layouts/application
  Rendered vegetables/show.html.erb within layouts/application (Duration: 0.2ms | Allocations: 12)
  Rendered layout layouts/application.html.erb (Duration: 48.8ms | Allocations: 4801)
Completed 200 OK in 59ms (Views: 51.1ms | ActiveRecord: 0.8ms | Allocations: 5486)


Started GET "/" for 127.0.0.1 at 2024-05-08 12:56:00 +0600
  [1m[36mActiveRecord::SchemaMigration Load (1.3ms)[0m  [1m[34mSELECT "schema_migrations"."version" FROM "schema_migrations" ORDER BY "schema_migrations"."version" ASC[0m
Processing by VegetablesController#index as HTML
  Rendering layout layouts/application.html.erb
  Rendering vegetables/index.html.erb within layouts/application
  [1m[36mVegetable Load (1.6ms)[0m  [1m[34mSELECT "vegetables".* FROM "vegetables"[0m
  ↳ app/views/vegetables/index.html.erb:4
  Rendered vegetables/index.html.erb within layouts/application (Duration: 149.4ms | Allocations: 12621)
  Rendered layout layouts/application.html.erb (Duration: 487.6ms | Allocations: 61840)
Completed 200 OK in 579ms (Views: 464.2ms | ActiveRecord: 35.9ms | Allocations: 71923)


Started GET "/vegetables/1" for 127.0.0.1 at 2024-05-08 12:56:08 +0600
Processing by VegetablesController#show as HTML
  Parameters: {"id"=>"1"}
  [1m[36mVegetable Load (1.0ms)[0m  [1m[34mSELECT "vegetables".* FROM "vegetables" WHERE "vegetables"."id" = $1 LIMIT $2[0m  [["id", 1], ["LIMIT", 1]]
  ↳ app/controllers/vegetables_controller.rb:7:in `show'
  Rendering layout layouts/application.html.erb
  Rendering vegetables/show.html.erb within layouts/application
  Rendered vegetables/show.html.erb within layouts/application (Duration: 10.8ms | Allocations: 1499)
  Rendered layout layouts/application.html.erb (Duration: 12.4ms | Allocations: 1590)
Completed 500 Internal Server Error in 34ms (ActiveRecord: 1.5ms | Allocations: 4208)


  
ActionView::Template::Error (undefined method `vegetablepath' for #<ActionView::Base:0x0000000000c058>):
    4: <ul>
    5:   <li><%= link_to "Edit", edit_vegetable_path(@vegetable) %></li>
    6: 
    7:   <li><%= link_to "Delete", vegetablepath(@vegetable), data: {
    8:                     turbo_method: :delete,
    9:                     turbo_confirm: "Are you sure?" } %></li>
   10: 
  
app/views/vegetables/show.html.erb:7
Started GET "/vegetables/1" for 127.0.0.1 at 2024-05-08 12:59:01 +0600
Processing by VegetablesController#show as HTML
  Parameters: {"id"=>"1"}
  [1m[36mVegetable Load (1.1ms)[0m  [1m[34mSELECT "vegetables".* FROM "vegetables" WHERE "vegetables"."id" = $1 LIMIT $2[0m  [["id", 1], ["LIMIT", 1]]
  ↳ app/controllers/vegetables_controller.rb:7:in `show'
  Rendering layout layouts/application.html.erb
  Rendering vegetables/show.html.erb within layouts/application
  Rendered vegetables/show.html.erb within layouts/application (Duration: 7.6ms | Allocations: 1157)
  Rendered layout layouts/application.html.erb (Duration: 9.0ms | Allocations: 1249)
Completed 500 Internal Server Error in 73ms (ActiveRecord: 15.3ms | Allocations: 6294)


  
ActionView::Template::Error (undefined method `vegetab_lepath' for #<ActionView::Base:0x0000000000fc30>):
    4: <ul>
    5:   <li><%= link_to "Edit", edit_vegetable_path(@vegetable) %></li>
    6: 
    7:   <li><%= link_to "Delete", vegetab_lepath(@vegetable), data: {
    8:                     turbo_method: :delete,
    9:                     turbo_confirm: "Are you sure?" } %></li>
   10: 
  
app/views/vegetables/show.html.erb:7
Started GET "/vegetables/1" for 127.0.0.1 at 2024-05-08 12:59:22 +0600
Processing by VegetablesController#show as HTML
  Parameters: {"id"=>"1"}
  [1m[36mVegetable Load (1.1ms)[0m  [1m[34mSELECT "vegetables".* FROM "vegetables" WHERE "vegetables"."id" = $1 LIMIT $2[0m  [["id", 1], ["LIMIT", 1]]
  ↳ app/controllers/vegetables_controller.rb:7:in `show'
  Rendering layout layouts/application.html.erb
  Rendering vegetables/show.html.erb within layouts/application
  Rendered vegetables/show.html.erb within layouts/application (Duration: 3.5ms | Allocations: 290)
  Rendered layout layouts/application.html.erb (Duration: 135.3ms | Allocations: 23034)
Completed 200 OK in 204ms (Views: 143.8ms | ActiveRecord: 15.7ms | Allocations: 28140)


Started GET "/vegetables/1/edit" for 127.0.0.1 at 2024-05-08 12:59:25 +0600
Processing by VegetablesController#edit as HTML
  Parameters: {"id"=>"1"}
  [1m[36mVegetable Load (0.8ms)[0m  [1m[34mSELECT "vegetables".* FROM "vegetables" WHERE "vegetables"."id" = $1 LIMIT $2[0m  [["id", 1], ["LIMIT", 1]]
  ↳ app/controllers/vegetables_controller.rb:25:in `edit'
  Rendering layout layouts/application.html.erb
  Rendering vegetables/edit.html.erb within layouts/application
  Rendered vegetables/_form.html.erb (Duration: 176.4ms | Allocations: 2475)
  Rendered vegetables/edit.html.erb within layouts/application (Duration: 179.3ms | Allocations: 2706)
  Rendered layout layouts/application.html.erb (Duration: 217.1ms | Allocations: 7266)
Completed 200 OK in 226ms (Views: 218.9ms | ActiveRecord: 0.8ms | Allocations: 8000)


Started GET "/" for 127.0.0.1 at 2024-05-08 12:59:27 +0600
Processing by VegetablesController#index as HTML
  Rendering layout layouts/application.html.erb
  Rendering vegetables/index.html.erb within layouts/application
  [1m[36mVegetable Load (2.6ms)[0m  [1m[34mSELECT "vegetables".* FROM "vegetables"[0m
  ↳ app/views/vegetables/index.html.erb:4
  Rendered vegetables/index.html.erb within layouts/application (Duration: 19.1ms | Allocations: 723)
  Rendered layout layouts/application.html.erb (Duration: 79.3ms | Allocations: 5521)
Completed 200 OK in 85ms (Views: 79.6ms | ActiveRecord: 2.5ms | Allocations: 5853)


Started GET "/vegetables/new" for 127.0.0.1 at 2024-05-08 12:59:30 +0600
Processing by VegetablesController#new as HTML
  Rendering layout layouts/application.html.erb
  Rendering vegetables/new.html.erb within layouts/application
  Rendered vegetables/_form.html.erb (Duration: 5.6ms | Allocations: 829)
  Rendered vegetables/new.html.erb within layouts/application (Duration: 8.3ms | Allocations: 1003)
  Rendered layout layouts/application.html.erb (Duration: 46.3ms | Allocations: 5566)
Completed 200 OK in 52ms (Views: 49.0ms | ActiveRecord: 0.0ms | Allocations: 5926)


Started POST "/vegetables" for 127.0.0.1 at 2024-05-08 12:59:43 +0600
Processing by VegetablesController#create as TURBO_STREAM
  Parameters: {"authenticity_token"=>"[FILTERED]", "vegetable"=>{"name"=>"Bean", "description"=>"jjjjjdjdjdjdjd"}, "commit"=>"Create Vegetable"}
  [1m[36mTRANSACTION (0.6ms)[0m  [1m[35mBEGIN[0m
  ↳ app/controllers/vegetables_controller.rb:17:in `create'
  [1m[36mVegetable Create (8.8ms)[0m  [1m[32mINSERT INTO "vegetables" ("name", "description", "created_at", "updated_at") VALUES ($1, $2, $3, $4) RETURNING "id"[0m  [["name", "Bean"], ["description", "jjjjjdjdjdjdjd"], ["created_at", "2024-05-08 06:59:43.275769"], ["updated_at", "2024-05-08 06:59:43.275769"]]
  ↳ app/controllers/vegetables_controller.rb:17:in `create'
  [1m[36mTRANSACTION (32.7ms)[0m  [1m[35mCOMMIT[0m
  ↳ app/controllers/vegetables_controller.rb:17:in `create'
Redirected to http://127.0.0.1:3000/vegetables/3
Completed 302 Found in 61ms (ActiveRecord: 41.9ms | Allocations: 3471)


Started GET "/vegetables/3" for 127.0.0.1 at 2024-05-08 12:59:43 +0600
Processing by VegetablesController#show as TURBO_STREAM
  Parameters: {"id"=>"3"}
  [1m[36mVegetable Load (1.2ms)[0m  [1m[34mSELECT "vegetables".* FROM "vegetables" WHERE "vegetables"."id" = $1 LIMIT $2[0m  [["id", 3], ["LIMIT", 1]]
  ↳ app/controllers/vegetables_controller.rb:7:in `show'
  Rendering layout layouts/application.html.erb
  Rendering vegetables/show.html.erb within layouts/application
  Rendered vegetables/show.html.erb within layouts/application (Duration: 1.6ms | Allocations: 82)
  Rendered layout layouts/application.html.erb (Duration: 35.2ms | Allocations: 4882)
Completed 200 OK in 45ms (Views: 36.9ms | ActiveRecord: 1.2ms | Allocations: 5599)


Started GET "/vegetables/new" for 127.0.0.1 at 2024-05-08 12:59:47 +0600
Processing by VegetablesController#new as HTML
  Rendering layout layouts/application.html.erb
  Rendering vegetables/new.html.erb within layouts/application
  Rendered vegetables/_form.html.erb (Duration: 8.3ms | Allocations: 788)
  Rendered vegetables/new.html.erb within layouts/application (Duration: 9.7ms | Allocations: 851)
  Rendered layout layouts/application.html.erb (Duration: 64.4ms | Allocations: 5413)
Completed 200 OK in 72ms (Views: 69.4ms | ActiveRecord: 0.0ms | Allocations: 5677)


Started GET "/" for 127.0.0.1 at 2024-05-08 12:59:49 +0600
Processing by VegetablesController#index as HTML
  Rendering layout layouts/application.html.erb
  Rendering vegetables/index.html.erb within layouts/application
  [1m[36mVegetable Load (1.4ms)[0m  [1m[34mSELECT "vegetables".* FROM "vegetables"[0m
  ↳ app/views/vegetables/index.html.erb:4
  Rendered vegetables/index.html.erb within layouts/application (Duration: 9.0ms | Allocations: 561)
  Rendered layout layouts/application.html.erb (Duration: 68.0ms | Allocations: 5359)
Completed 200 OK in 78ms (Views: 70.2ms | ActiveRecord: 1.3ms | Allocations: 5621)


Started GET "/vegetables/3" for 127.0.0.1 at 2024-05-08 12:59:50 +0600
Processing by VegetablesController#show as HTML
  Parameters: {"id"=>"3"}
  [1m[36mVegetable Load (0.8ms)[0m  [1m[34mSELECT "vegetables".* FROM "vegetables" WHERE "vegetables"."id" = $1 LIMIT $2[0m  [["id", 3], ["LIMIT", 1]]
  ↳ app/controllers/vegetables_controller.rb:7:in `show'
  Rendering layout layouts/application.html.erb
  Rendering vegetables/show.html.erb within layouts/application
  Rendered vegetables/show.html.erb within layouts/application (Duration: 1.4ms | Allocations: 82)
  Rendered layout layouts/application.html.erb (Duration: 52.5ms | Allocations: 4868)
Completed 200 OK in 63ms (Views: 55.1ms | ActiveRecord: 0.8ms | Allocations: 5540)


Started DELETE "/vegetables/3?_method=delete" for 127.0.0.1 at 2024-05-08 12:59:53 +0600
Processing by VegetablesController#destroy as TURBO_STREAM
  Parameters: {"id"=>"3"}
  [1m[36mVegetable Load (0.6ms)[0m  [1m[34mSELECT "vegetables".* FROM "vegetables" WHERE "vegetables"."id" = $1 LIMIT $2[0m  [["id", 3], ["LIMIT", 1]]
  ↳ app/controllers/vegetables_controller.rb:38:in `destroy'
  [1m[36mTRANSACTION (0.6ms)[0m  [1m[35mBEGIN[0m
  ↳ app/controllers/vegetables_controller.rb:39:in `destroy'
  [1m[36mVegetable Destroy (6.9ms)[0m  [1m[31mDELETE FROM "vegetables" WHERE "vegetables"."id" = $1[0m  [["id", 3]]
  ↳ app/controllers/vegetables_controller.rb:39:in `destroy'
  [1m[36mTRANSACTION (44.9ms)[0m  [1m[35mCOMMIT[0m
  ↳ app/controllers/vegetables_controller.rb:39:in `destroy'
Redirected to http://127.0.0.1:3000/
Completed 303 See Other in 70ms (ActiveRecord: 52.8ms | Allocations: 2124)


Started GET "/" for 127.0.0.1 at 2024-05-08 12:59:54 +0600
Processing by VegetablesController#index as TURBO_STREAM
  Rendering layout layouts/application.html.erb
  Rendering vegetables/index.html.erb within layouts/application
  [1m[36mVegetable Load (1.1ms)[0m  [1m[34mSELECT "vegetables".* FROM "vegetables"[0m
  ↳ app/views/vegetables/index.html.erb:4
  Rendered vegetables/index.html.erb within layouts/application (Duration: 6.6ms | Allocations: 525)
  Rendered layout layouts/application.html.erb (Duration: 70.1ms | Allocations: 5419)
Completed 200 OK in 74ms (Views: 71.4ms | ActiveRecord: 1.0ms | Allocations: 5685)


Started GET "/vegetables/1" for 127.0.0.1 at 2024-05-08 12:59:56 +0600
Processing by VegetablesController#show as HTML
  Parameters: {"id"=>"1"}
  [1m[36mVegetable Load (0.8ms)[0m  [1m[34mSELECT "vegetables".* FROM "vegetables" WHERE "vegetables"."id" = $1 LIMIT $2[0m  [["id", 1], ["LIMIT", 1]]
  ↳ app/controllers/vegetables_controller.rb:7:in `show'
  Rendering layout layouts/application.html.erb
  Rendering vegetables/show.html.erb within layouts/application
  Rendered vegetables/show.html.erb within layouts/application (Duration: 3.8ms | Allocations: 83)
  Rendered layout layouts/application.html.erb (Duration: 63.6ms | Allocations: 4950)
Completed 200 OK in 80ms (Views: 69.4ms | ActiveRecord: 0.6ms | Allocations: 5621)


Started GET "/" for 127.0.0.1 at 2024-05-08 14:42:13 +0600
  [1m[36mActiveRecord::SchemaMigration Load (1.8ms)[0m  [1m[34mSELECT "schema_migrations"."version" FROM "schema_migrations" ORDER BY "schema_migrations"."version" ASC[0m
Processing by VegetablesController#index as HTML
  Rendering layout layouts/application.html.erb
  Rendering vegetables/index.html.erb within layouts/application
  [1m[36mVegetable Load (2.7ms)[0m  [1m[34mSELECT "vegetables".* FROM "vegetables"[0m
  ↳ app/views/vegetables/index.html.erb:4
  Rendered vegetables/index.html.erb within layouts/application (Duration: 177.3ms | Allocations: 12621)
  Rendered layout layouts/application.html.erb (Duration: 564.8ms | Allocations: 62993)
Completed 200 OK in 653ms (Views: 540.8ms | ActiveRecord: 34.8ms | Allocations: 73045)


Started GET "/" for 127.0.0.1 at 2024-05-08 14:42:39 +0600
Processing by VegetablesController#index as HTML
  Rendering layout layouts/application.html.erb
  Rendering vegetables/index.html.erb within layouts/application
  [1m[36mVegetable Load (1.3ms)[0m  [1m[34mSELECT "vegetables".* FROM "vegetables"[0m
  ↳ app/views/vegetables/index.html.erb:4
  Rendered vegetables/index.html.erb within layouts/application (Duration: 7.0ms | Allocations: 534)
  Rendered layout layouts/application.html.erb (Duration: 52.3ms | Allocations: 5400)
Completed 200 OK in 56ms (Views: 53.1ms | ActiveRecord: 1.2ms | Allocations: 5669)


Started GET "/" for 127.0.0.1 at 2024-05-08 14:42:42 +0600
Processing by VegetablesController#index as HTML
  Rendering layout layouts/application.html.erb
  Rendering vegetables/index.html.erb within layouts/application
  [1m[36mVegetable Load (1.7ms)[0m  [1m[34mSELECT "vegetables".* FROM "vegetables"[0m
  ↳ app/views/vegetables/index.html.erb:4
  Rendered vegetables/index.html.erb within layouts/application (Duration: 13.4ms | Allocations: 531)
  Rendered layout layouts/application.html.erb (Duration: 78.6ms | Allocations: 5392)
Completed 200 OK in 92ms (Views: 88.1ms | ActiveRecord: 1.6ms | Allocations: 5660)


Started GET "/vegetables/new" for 127.0.0.1 at 2024-05-08 14:42:48 +0600
Processing by VegetablesController#new as HTML
  Rendering layout layouts/application.html.erb
  Rendering vegetables/new.html.erb within layouts/application
  Rendered vegetables/_form.html.erb (Duration: 77.0ms | Allocations: 5619)
  Rendered vegetables/new.html.erb within layouts/application (Duration: 80.5ms | Allocations: 5894)
  Rendered layout layouts/application.html.erb (Duration: 121.2ms | Allocations: 10516)
Completed 200 OK in 125ms (Views: 122.9ms | ActiveRecord: 0.0ms | Allocations: 10880)


Started GET "/vegetables/new" for 127.0.0.1 at 2024-05-08 14:43:32 +0600
Processing by VegetablesController#new as HTML
  Rendering layout layouts/application.html.erb
  Rendering vegetables/new.html.erb within layouts/application
  Rendered vegetables/_form.html.erb (Duration: 8.3ms | Allocations: 1210)
  Rendered vegetables/new.html.erb within layouts/application (Duration: 11.8ms | Allocations: 1454)
  Rendered layout layouts/application.html.erb (Duration: 125.9ms | Allocations: 24415)
Completed 200 OK in 174ms (Views: 135.3ms | ActiveRecord: 9.8ms | Allocations: 28459)


Started GET "/" for 127.0.0.1 at 2024-05-08 14:43:39 +0600
Processing by VegetablesController#index as HTML
  Rendering layout layouts/application.html.erb
  Rendering vegetables/index.html.erb within layouts/application
  [1m[36mVegetable Load (1.1ms)[0m  [1m[34mSELECT "vegetables".* FROM "vegetables"[0m
  ↳ app/views/vegetables/index.html.erb:4
  Rendered vegetables/index.html.erb within layouts/application (Duration: 9.2ms | Allocations: 760)
  Rendered layout layouts/application.html.erb (Duration: 47.0ms | Allocations: 5618)
Completed 200 OK in 52ms (Views: 48.0ms | ActiveRecord: 1.1ms | Allocations: 5981)


Started GET "/vegetables/new" for 127.0.0.1 at 2024-05-08 14:45:32 +0600
Processing by VegetablesController#new as HTML
  Rendering layout layouts/application.html.erb
  Rendering vegetables/new.html.erb within layouts/application
  Rendered vegetables/_form.html.erb (Duration: 8.7ms | Allocations: 1230)
  Rendered vegetables/new.html.erb within layouts/application (Duration: 11.7ms | Allocations: 1470)
  Rendered layout layouts/application.html.erb (Duration: 134.3ms | Allocations: 23937)
Completed 200 OK in 184ms (Views: 140.8ms | ActiveRecord: 10.5ms | Allocations: 27903)


Started GET "/vegetables/new" for 127.0.0.1 at 2024-05-08 14:46:19 +0600
Processing by VegetablesController#new as HTML
  Rendering layout layouts/application.html.erb
  Rendering vegetables/new.html.erb within layouts/application
  Rendered vegetables/_form.html.erb (Duration: 12.6ms | Allocations: 1221)
  Rendered vegetables/new.html.erb within layouts/application (Duration: 16.3ms | Allocations: 1465)
  Rendered layout layouts/application.html.erb (Duration: 119.4ms | Allocations: 23714)
Completed 200 OK in 163ms (Views: 125.6ms | ActiveRecord: 12.2ms | Allocations: 27742)


Started GET "/vegetables/new" for 127.0.0.1 at 2024-05-08 14:52:21 +0600
Processing by VegetablesController#new as HTML
  Rendering layout layouts/application.html.erb
  Rendering vegetables/new.html.erb within layouts/application
  Rendered vegetables/_form.html.erb (Duration: 11.4ms | Allocations: 1230)
  Rendered vegetables/new.html.erb within layouts/application (Duration: 16.2ms | Allocations: 1472)
  Rendered layout layouts/application.html.erb (Duration: 181.0ms | Allocations: 25854)
Completed 500 Internal Server Error in 257ms (ActiveRecord: 23.4ms | Allocations: 32334)


  
ActionView::Template::Error (No route matches {:action=>"index", :controller=>"articles"}):
    58:         
    59:              <li class="nav-item">
    60:                 <div class="nav-link active">
    61:                 <%= link_to "Bootly Home", :controller => :articles, :action => :index%>
    62:               </li>
  
app/views/layouts/application.html.erb:61
Started GET "/" for ::1 at 2024-05-08 14:53:25 +0600
  [1m[36mActiveRecord::SchemaMigration Load (1.3ms)[0m  [1m[34mSELECT "schema_migrations"."version" FROM "schema_migrations" ORDER BY "schema_migrations"."version" ASC[0m
Processing by VegetablesController#index as HTML
  Rendering layout layouts/application.html.erb
  Rendering vegetables/index.html.erb within layouts/application
  [1m[36mVegetable Load (2.3ms)[0m  [1m[34mSELECT "vegetables".* FROM "vegetables"[0m
  ↳ app/views/vegetables/index.html.erb:4
  Rendered vegetables/index.html.erb within layouts/application (Duration: 150.7ms | Allocations: 12622)
  Rendered layout layouts/application.html.erb (Duration: 457.9ms | Allocations: 63298)
Completed 500 Internal Server Error in 543ms (ActiveRecord: 30.8ms | Allocations: 73297)


  
ActionView::Template::Error (No route matches {:action=>"index", :controller=>"articles"}):
    58:         
    59:              <li class="nav-item">
    60:                 <div class="nav-link active">
    61:                 <%= link_to "Bootly Home", :controller => :articles, :action => :index%>
    62:               </li>
  
app/views/layouts/application.html.erb:61
Started GET "/" for ::1 at 2024-05-08 14:54:03 +0600
Processing by VegetablesController#index as HTML
  Rendering layout layouts/application.html.erb
  Rendering vegetables/index.html.erb within layouts/application
  [1m[36mVegetable Load (1.0ms)[0m  [1m[34mSELECT "vegetables".* FROM "vegetables"[0m
  ↳ app/views/vegetables/index.html.erb:4
  Rendered vegetables/index.html.erb within layouts/application (Duration: 40.3ms | Allocations: 3260)
  Rendered layout layouts/application.html.erb (Duration: 161.2ms | Allocations: 26189)
Completed 200 OK in 173ms (Views: 152.8ms | ActiveRecord: 13.9ms | Allocations: 27856)


Started GET "/" for ::1 at 2024-05-08 14:54:07 +0600
Processing by VegetablesController#index as HTML
  Rendering layout layouts/application.html.erb
  Rendering vegetables/index.html.erb within layouts/application
  [1m[36mVegetable Load (1.0ms)[0m  [1m[34mSELECT "vegetables".* FROM "vegetables"[0m
  ↳ app/views/vegetables/index.html.erb:4
  Rendered vegetables/index.html.erb within layouts/application (Duration: 5.8ms | Allocations: 532)
  Rendered layout layouts/application.html.erb (Duration: 54.4ms | Allocations: 6441)
Completed 200 OK in 58ms (Views: 55.6ms | ActiveRecord: 0.9ms | Allocations: 6710)


Started GET "/vegetables/2" for ::1 at 2024-05-08 14:54:09 +0600
Processing by VegetablesController#show as HTML
  Parameters: {"id"=>"2"}
  [1m[36mVegetable Load (1.2ms)[0m  [1m[34mSELECT "vegetables".* FROM "vegetables" WHERE "vegetables"."id" = $1 LIMIT $2[0m  [["id", 2], ["LIMIT", 1]]
  ↳ app/controllers/vegetables_controller.rb:7:in `show'
  Rendering layout layouts/application.html.erb
  Rendering vegetables/show.html.erb within layouts/application
  Rendered vegetables/show.html.erb within layouts/application (Duration: 3.0ms | Allocations: 265)
  Rendered layout layouts/application.html.erb (Duration: 50.4ms | Allocations: 5165)
Completed 200 OK in 73ms (Views: 53.9ms | ActiveRecord: 1.6ms | Allocations: 7774)


Started GET "/" for ::1 at 2024-05-08 14:54:11 +0600
Processing by VegetablesController#index as HTML
  Rendering layout layouts/application.html.erb
  Rendering vegetables/index.html.erb within layouts/application
  [1m[36mVegetable Load (1.1ms)[0m  [1m[34mSELECT "vegetables".* FROM "vegetables"[0m
  ↳ app/views/vegetables/index.html.erb:4
  Rendered vegetables/index.html.erb within layouts/application (Duration: 10.1ms | Allocations: 531)
  Rendered layout layouts/application.html.erb (Duration: 53.5ms | Allocations: 5430)
Completed 200 OK in 57ms (Views: 54.5ms | ActiveRecord: 1.1ms | Allocations: 5699)


Started GET "/" for 127.0.0.1 at 2024-05-08 15:06:24 +0600
  [1m[36mActiveRecord::SchemaMigration Load (1.4ms)[0m  [1m[34mSELECT "schema_migrations"."version" FROM "schema_migrations" ORDER BY "schema_migrations"."version" ASC[0m
Processing by VegetablesController#index as HTML
  Rendering layout layouts/application.html.erb
  Rendering vegetables/index.html.erb within layouts/application
  [1m[36mVegetable Load (1.4ms)[0m  [1m[34mSELECT "vegetables".* FROM "vegetables"[0m
  ↳ app/views/vegetables/index.html.erb:4
  Rendered vegetables/index.html.erb within layouts/application (Duration: 150.0ms | Allocations: 12623)
  Rendered layout layouts/application.html.erb (Duration: 415.1ms | Allocations: 62514)
Completed 200 OK in 510ms (Views: 389.3ms | ActiveRecord: 36.5ms | Allocations: 72566)


Started GET "/vegetables/new" for 127.0.0.1 at 2024-05-08 15:06:27 +0600
Processing by VegetablesController#new as HTML
  Rendering layout layouts/application.html.erb
  Rendering vegetables/new.html.erb within layouts/application
  Rendered vegetables/_form.html.erb (Duration: 18.2ms | Allocations: 2039)
  Rendered vegetables/new.html.erb within layouts/application (Duration: 22.0ms | Allocations: 2335)
  Rendered layout layouts/application.html.erb (Duration: 56.3ms | Allocations: 6957)
Completed 200 OK in 61ms (Views: 58.3ms | ActiveRecord: 0.0ms | Allocations: 7322)


Started GET "/" for 127.0.0.1 at 2024-05-08 15:11:23 +0600
  [1m[36mActiveRecord::SchemaMigration Load (1.2ms)[0m  [1m[34mSELECT "schema_migrations"."version" FROM "schema_migrations" ORDER BY "schema_migrations"."version" ASC[0m
Processing by VegetablesController#index as HTML
  Rendering layout layouts/application.html.erb
  Rendering vegetables/index.html.erb within layouts/application
  [1m[36mVegetable Load (1.9ms)[0m  [1m[34mSELECT "vegetables".* FROM "vegetables"[0m
  ↳ app/views/vegetables/index.html.erb:4
  Rendered vegetables/index.html.erb within layouts/application (Duration: 141.7ms | Allocations: 12621)
  Rendered layout layouts/application.html.erb (Duration: 399.6ms | Allocations: 62516)
Completed 200 OK in 467ms (Views: 378.9ms | ActiveRecord: 33.3ms | Allocations: 72568)


Started GET "/vegetables/new" for 127.0.0.1 at 2024-05-08 15:11:26 +0600
Processing by VegetablesController#new as HTML
  Rendering layout layouts/application.html.erb
  Rendering vegetables/new.html.erb within layouts/application
  Rendered vegetables/_form.html.erb (Duration: 21.1ms | Allocations: 2033)
  Rendered vegetables/new.html.erb within layouts/application (Duration: 24.7ms | Allocations: 2347)
  Rendered layout layouts/application.html.erb (Duration: 63.5ms | Allocations: 6969)
Completed 200 OK in 67ms (Views: 65.3ms | ActiveRecord: 0.0ms | Allocations: 7334)


Started GET "/vegetables/new" for 127.0.0.1 at 2024-05-08 15:11:51 +0600
Processing by VegetablesController#new as HTML
  Rendering layout layouts/application.html.erb
  Rendering vegetables/new.html.erb within layouts/application
  Rendered vegetables/_form.html.erb (Duration: 15.2ms | Allocations: 1234)
  Rendered vegetables/new.html.erb within layouts/application (Duration: 19.7ms | Allocations: 1496)
  Rendered layout layouts/application.html.erb (Duration: 155.4ms | Allocations: 24456)
Completed 200 OK in 218ms (Views: 161.5ms | ActiveRecord: 10.4ms | Allocations: 28523)


Started GET "/" for 127.0.0.1 at 2024-05-08 15:11:59 +0600
Processing by VegetablesController#index as HTML
  Rendering layout layouts/application.html.erb
  Rendering vegetables/index.html.erb within layouts/application
  [1m[36mVegetable Load (1.3ms)[0m  [1m[34mSELECT "vegetables".* FROM "vegetables"[0m
  ↳ app/views/vegetables/index.html.erb:4
  Rendered vegetables/index.html.erb within layouts/application (Duration: 11.8ms | Allocations: 766)
  Rendered layout layouts/application.html.erb (Duration: 72.3ms | Allocations: 5630)
Completed 200 OK in 85ms (Views: 80.4ms | ActiveRecord: 1.2ms | Allocations: 5999)


Started GET "/vegetables/new" for 127.0.0.1 at 2024-05-08 15:12:01 +0600
Processing by VegetablesController#new as HTML
  Rendering layout layouts/application.html.erb
  Rendering vegetables/new.html.erb within layouts/application
  Rendered vegetables/_form.html.erb (Duration: 6.9ms | Allocations: 806)
  Rendered vegetables/new.html.erb within layouts/application (Duration: 8.0ms | Allocations: 869)
  Rendered layout layouts/application.html.erb (Duration: 48.1ms | Allocations: 5491)
Completed 200 OK in 51ms (Views: 49.8ms | ActiveRecord: 0.0ms | Allocations: 5756)


Started GET "/" for ::1 at 2024-05-08 15:14:46 +0600
  [1m[36mActiveRecord::SchemaMigration Load (1.3ms)[0m  [1m[34mSELECT "schema_migrations"."version" FROM "schema_migrations" ORDER BY "schema_migrations"."version" ASC[0m
Processing by VegetablesController#index as HTML
  Rendering layout layouts/application.html.erb
  Rendering vegetables/index.html.erb within layouts/application
  [1m[36mVegetable Load (1.8ms)[0m  [1m[34mSELECT "vegetables".* FROM "vegetables"[0m
  ↳ app/views/vegetables/index.html.erb:4
  Rendered vegetables/index.html.erb within layouts/application (Duration: 144.4ms | Allocations: 12627)
  Rendered layout layouts/application.html.erb (Duration: 397.9ms | Allocations: 62547)
Completed 200 OK in 468ms (Views: 372.9ms | ActiveRecord: 35.6ms | Allocations: 72599)


Started GET "/vegetables/new" for ::1 at 2024-05-08 15:14:52 +0600
Processing by VegetablesController#new as HTML
  Rendering layout layouts/application.html.erb
  Rendering vegetables/new.html.erb within layouts/application
  Rendered vegetables/_form.html.erb (Duration: 19.8ms | Allocations: 2087)
  Rendered vegetables/new.html.erb within layouts/application (Duration: 23.7ms | Allocations: 2380)
  Rendered layout layouts/application.html.erb (Duration: 76.9ms | Allocations: 7002)
Completed 200 OK in 82ms (Views: 79.0ms | ActiveRecord: 0.0ms | Allocations: 7367)


Started GET "/vegetables/new" for ::1 at 2024-05-08 15:15:27 +0600
Processing by VegetablesController#new as HTML
  Rendering layout layouts/application.html.erb
  Rendering vegetables/new.html.erb within layouts/application
  Rendered vegetables/_form.html.erb (Duration: 12.9ms | Allocations: 1266)
  Rendered vegetables/new.html.erb within layouts/application (Duration: 15.8ms | Allocations: 1529)
  Rendered layout layouts/application.html.erb (Duration: 130.8ms | Allocations: 24490)
Completed 200 OK in 196ms (Views: 136.0ms | ActiveRecord: 11.6ms | Allocations: 28551)


Started GET "/" for ::1 at 2024-05-08 15:15:30 +0600
Processing by VegetablesController#index as HTML
  Rendering layout layouts/application.html.erb
  Rendering vegetables/index.html.erb within layouts/application
  [1m[36mVegetable Load (1.2ms)[0m  [1m[34mSELECT "vegetables".* FROM "vegetables"[0m
  ↳ app/views/vegetables/index.html.erb:4
  Rendered vegetables/index.html.erb within layouts/application (Duration: 10.1ms | Allocations: 766)
  Rendered layout layouts/application.html.erb (Duration: 52.7ms | Allocations: 5659)
Completed 200 OK in 57ms (Views: 53.6ms | ActiveRecord: 1.1ms | Allocations: 6028)


Started GET "/vegetables/new" for ::1 at 2024-05-08 15:15:32 +0600
Processing by VegetablesController#new as HTML
  Rendering layout layouts/application.html.erb
  Rendering vegetables/new.html.erb within layouts/application
  Rendered vegetables/_form.html.erb (Duration: 6.5ms | Allocations: 853)
  Rendered vegetables/new.html.erb within layouts/application (Duration: 7.8ms | Allocations: 916)
  Rendered layout layouts/application.html.erb (Duration: 45.7ms | Allocations: 5538)
Completed 200 OK in 49ms (Views: 47.4ms | ActiveRecord: 0.0ms | Allocations: 5803)


Started GET "/vegetables/new" for ::1 at 2024-05-08 15:15:37 +0600
Processing by VegetablesController#new as HTML
  Rendering layout layouts/application.html.erb
  Rendering vegetables/new.html.erb within layouts/application
  Rendered vegetables/_form.html.erb (Duration: 8.7ms | Allocations: 841)
  Rendered vegetables/new.html.erb within layouts/application (Duration: 9.6ms | Allocations: 904)
  Rendered layout layouts/application.html.erb (Duration: 55.4ms | Allocations: 5526)
Completed 200 OK in 59ms (Views: 57.6ms | ActiveRecord: 0.0ms | Allocations: 5790)


Started GET "/vegetables/new" for ::1 at 2024-05-08 15:19:03 +0600
Processing by VegetablesController#new as HTML
  Rendering layout layouts/application.html.erb
  Rendering vegetables/new.html.erb within layouts/application
  Rendered vegetables/_form.html.erb (Duration: 9.4ms | Allocations: 1260)
  Rendered vegetables/new.html.erb within layouts/application (Duration: 13.4ms | Allocations: 1520)
  Rendered layout layouts/application.html.erb (Duration: 150.1ms | Allocations: 24428)
Completed 200 OK in 198ms (Views: 157.7ms | ActiveRecord: 12.8ms | Allocations: 28395)


Started GET "/vegetables/new" for ::1 at 2024-05-08 15:19:22 +0600
Processing by VegetablesController#new as HTML
  Rendering layout layouts/application.html.erb
  Rendering vegetables/new.html.erb within layouts/application
  Rendered vegetables/_form.html.erb (Duration: 13.0ms | Allocations: 1274)
  Rendered vegetables/new.html.erb within layouts/application (Duration: 18.8ms | Allocations: 1537)
  Rendered layout layouts/application.html.erb (Duration: 129.1ms | Allocations: 24274)
Completed 200 OK in 187ms (Views: 140.0ms | ActiveRecord: 14.5ms | Allocations: 28307)


Started GET "/" for ::1 at 2024-05-08 15:19:25 +0600
Processing by VegetablesController#index as HTML
  Rendering layout layouts/application.html.erb
  Rendering vegetables/index.html.erb within layouts/application
  [1m[36mVegetable Load (1.1ms)[0m  [1m[34mSELECT "vegetables".* FROM "vegetables"[0m
  ↳ app/views/vegetables/index.html.erb:4
  Rendered vegetables/index.html.erb within layouts/application (Duration: 10.0ms | Allocations: 766)
  Rendered layout layouts/application.html.erb (Duration: 49.6ms | Allocations: 5695)
Completed 200 OK in 55ms (Views: 50.6ms | ActiveRecord: 1.1ms | Allocations: 6064)


Started GET "/" for 127.0.0.1 at 2024-05-08 15:26:07 +0600
  [1m[36mActiveRecord::SchemaMigration Load (2.0ms)[0m  [1m[34mSELECT "schema_migrations"."version" FROM "schema_migrations" ORDER BY "schema_migrations"."version" ASC[0m
Processing by VegetablesController#index as HTML
  Rendering layout layouts/application.html.erb
  Rendering vegetables/index.html.erb within layouts/application
  [1m[36mVegetable Load (2.0ms)[0m  [1m[34mSELECT "vegetables".* FROM "vegetables"[0m
  ↳ app/views/vegetables/index.html.erb:4
  Rendered vegetables/index.html.erb within layouts/application (Duration: 131.7ms | Allocations: 12621)
  Rendered layout layouts/application.html.erb (Duration: 381.6ms | Allocations: 62584)
Completed 200 OK in 458ms (Views: 358.3ms | ActiveRecord: 33.4ms | Allocations: 72636)


Started GET "/vegetables/new" for 127.0.0.1 at 2024-05-08 15:26:10 +0600
Processing by VegetablesController#new as HTML
  Rendering layout layouts/application.html.erb
  Rendering vegetables/new.html.erb within layouts/application
  Rendered vegetables/_form.html.erb (Duration: 17.8ms | Allocations: 2024)
  Rendered vegetables/new.html.erb within layouts/application (Duration: 21.3ms | Allocations: 2320)
  Rendered layout layouts/application.html.erb (Duration: 50.3ms | Allocations: 6942)
Completed 200 OK in 55ms (Views: 52.5ms | ActiveRecord: 0.0ms | Allocations: 7307)


Started GET "/vegetables/new" for 127.0.0.1 at 2024-05-08 15:26:33 +0600
Processing by VegetablesController#new as HTML
  Rendering layout layouts/application.html.erb
  Rendering vegetables/new.html.erb within layouts/application
  Rendered vegetables/_form.html.erb (Duration: 13.4ms | Allocations: 1234)
  Rendered vegetables/new.html.erb within layouts/application (Duration: 16.6ms | Allocations: 1517)
  Rendered layout layouts/application.html.erb (Duration: 140.5ms | Allocations: 24477)
Completed 200 OK in 214ms (Views: 147.4ms | ActiveRecord: 14.2ms | Allocations: 28544)


Started GET "/vegetables/new" for 127.0.0.1 at 2024-05-08 15:26:47 +0600
Processing by VegetablesController#new as HTML
  Rendering layout layouts/application.html.erb
  Rendering vegetables/new.html.erb within layouts/application
  Rendered vegetables/_form.html.erb (Duration: 12.2ms | Allocations: 1215)
  Rendered vegetables/new.html.erb within layouts/application (Duration: 16.1ms | Allocations: 1493)
  Rendered layout layouts/application.html.erb (Duration: 160.9ms | Allocations: 24120)
Completed 200 OK in 207ms (Views: 170.1ms | ActiveRecord: 14.1ms | Allocations: 28091)


Started GET "/" for 127.0.0.1 at 2024-05-08 15:29:10 +0600
Processing by VegetablesController#index as HTML
  Rendering layout layouts/application.html.erb
  Rendering vegetables/index.html.erb within layouts/application
  [1m[36mVegetable Load (1.0ms)[0m  [1m[34mSELECT "vegetables".* FROM "vegetables"[0m
  ↳ app/views/vegetables/index.html.erb:4
  Rendered vegetables/index.html.erb within layouts/application (Duration: 39.5ms | Allocations: 3243)
  Rendered layout layouts/application.html.erb (Duration: 144.7ms | Allocations: 26457)
Completed 200 OK in 158ms (Views: 134.3ms | ActiveRecord: 15.8ms | Allocations: 28082)


Started GET "/vegetables/2" for 127.0.0.1 at 2024-05-08 15:29:23 +0600
Processing by VegetablesController#show as HTML
  Parameters: {"id"=>"2"}
  [1m[36mVegetable Load (1.1ms)[0m  [1m[34mSELECT "vegetables".* FROM "vegetables" WHERE "vegetables"."id" = $1 LIMIT $2[0m  [["id", 2], ["LIMIT", 1]]
  ↳ app/controllers/vegetables_controller.rb:7:in `show'
  Rendering layout layouts/application.html.erb
  Rendering vegetables/show.html.erb within layouts/application
  Rendered vegetables/show.html.erb within layouts/application (Duration: 4.6ms | Allocations: 263)
  Rendered layout layouts/application.html.erb (Duration: 54.5ms | Allocations: 5131)
Completed 200 OK in 75ms (Views: 56.6ms | ActiveRecord: 1.4ms | Allocations: 7733)


Started GET "/vegetables/2/edit" for 127.0.0.1 at 2024-05-08 15:29:25 +0600
Processing by VegetablesController#edit as HTML
  Parameters: {"id"=>"2"}
  [1m[36mVegetable Load (0.9ms)[0m  [1m[34mSELECT "vegetables".* FROM "vegetables" WHERE "vegetables"."id" = $1 LIMIT $2[0m  [["id", 2], ["LIMIT", 1]]
  ↳ app/controllers/vegetables_controller.rb:25:in `edit'
  Rendering layout layouts/application.html.erb
  Rendering vegetables/edit.html.erb within layouts/application
  Rendered vegetables/_form.html.erb (Duration: 14.2ms | Allocations: 1215)
  Rendered vegetables/edit.html.erb within layouts/application (Duration: 17.7ms | Allocations: 1442)
  Rendered layout layouts/application.html.erb (Duration: 56.6ms | Allocations: 6065)
Completed 200 OK in 67ms (Views: 58.6ms | ActiveRecord: 0.8ms | Allocations: 6812)


Started GET "/vegetables/2" for 127.0.0.1 at 2024-05-08 15:29:30 +0600
Processing by VegetablesController#show as HTML
  Parameters: {"id"=>"2"}
  [1m[36mVegetable Load (0.9ms)[0m  [1m[34mSELECT "vegetables".* FROM "vegetables" WHERE "vegetables"."id" = $1 LIMIT $2[0m  [["id", 2], ["LIMIT", 1]]
  ↳ app/controllers/vegetables_controller.rb:7:in `show'
  Rendering layout layouts/application.html.erb
  Rendering vegetables/show.html.erb within layouts/application
  Rendered vegetables/show.html.erb within layouts/application (Duration: 0.8ms | Allocations: 83)
  Rendered layout layouts/application.html.erb (Duration: 37.0ms | Allocations: 4945)
Completed 200 OK in 47ms (Views: 39.0ms | ActiveRecord: 0.9ms | Allocations: 5619)


Started GET "/vegetables/new" for 127.0.0.1 at 2024-05-08 15:29:31 +0600
Processing by VegetablesController#new as HTML
  Rendering layout layouts/application.html.erb
  Rendering vegetables/new.html.erb within layouts/application
  Rendered vegetables/_form.html.erb (Duration: 7.0ms | Allocations: 791)
  Rendered vegetables/new.html.erb within layouts/application (Duration: 11.4ms | Allocations: 1081)
  Rendered layout layouts/application.html.erb (Duration: 60.1ms | Allocations: 5703)
Completed 200 OK in 64ms (Views: 61.9ms | ActiveRecord: 0.0ms | Allocations: 6037)


Started GET "/vegetables/new" for 127.0.0.1 at 2024-05-08 15:29:32 +0600
Processing by VegetablesController#new as HTML
  Rendering layout layouts/application.html.erb
  Rendering vegetables/new.html.erb within layouts/application
  Rendered vegetables/_form.html.erb (Duration: 6.4ms | Allocations: 815)
  Rendered vegetables/new.html.erb within layouts/application (Duration: 7.9ms | Allocations: 938)
  Rendered layout layouts/application.html.erb (Duration: 51.6ms | Allocations: 5560)
Completed 200 OK in 56ms (Views: 54.1ms | ActiveRecord: 0.0ms | Allocations: 5824)


Started POST "/vegetables" for 127.0.0.1 at 2024-05-08 15:29:47 +0600
Processing by VegetablesController#create as TURBO_STREAM
  Parameters: {"authenticity_token"=>"[FILTERED]", "vegetable"=>{"name"=>"", "description"=>"hhhhhjlkk"}, "commit"=>"Create Vegetable"}
  Rendering layout layouts/application.html.erb
  Rendering vegetables/new.html.erb within layouts/application
  Rendered vegetables/_form.html.erb (Duration: 17.0ms | Allocations: 2183)
  Rendered vegetables/new.html.erb within layouts/application (Duration: 19.0ms | Allocations: 2350)
  Rendered layout layouts/application.html.erb (Duration: 53.7ms | Allocations: 7071)
Completed 422 Unprocessable Entity in 65ms (Views: 56.4ms | ActiveRecord: 0.0ms | Allocations: 8572)


Started GET "/" for 127.0.0.1 at 2024-05-08 15:29:51 +0600
Processing by VegetablesController#index as HTML
  Rendering layout layouts/application.html.erb
  Rendering vegetables/index.html.erb within layouts/application
  [1m[36mVegetable Load (1.0ms)[0m  [1m[34mSELECT "vegetables".* FROM "vegetables"[0m
  ↳ app/views/vegetables/index.html.erb:4
  Rendered vegetables/index.html.erb within layouts/application (Duration: 7.8ms | Allocations: 525)
  Rendered layout layouts/application.html.erb (Duration: 56.9ms | Allocations: 5433)
Completed 200 OK in 60ms (Views: 57.8ms | ActiveRecord: 1.0ms | Allocations: 5695)


Started GET "/" for 127.0.0.1 at 2024-05-08 15:29:52 +0600
Processing by VegetablesController#index as HTML
  Rendering layout layouts/application.html.erb
  Rendering vegetables/index.html.erb within layouts/application
  [1m[36mVegetable Load (1.3ms)[0m  [1m[34mSELECT "vegetables".* FROM "vegetables"[0m
  ↳ app/views/vegetables/index.html.erb:4
  Rendered vegetables/index.html.erb within layouts/application (Duration: 7.8ms | Allocations: 525)
  Rendered layout layouts/application.html.erb (Duration: 40.0ms | Allocations: 5386)
Completed 200 OK in 44ms (Views: 40.7ms | ActiveRecord: 1.3ms | Allocations: 5648)


Started GET "/" for 127.0.0.1 at 2024-05-08 15:29:58 +0600
Processing by VegetablesController#index as HTML
  Rendering layout layouts/application.html.erb
  Rendering vegetables/index.html.erb within layouts/application
  [1m[36mVegetable Load (1.2ms)[0m  [1m[34mSELECT "vegetables".* FROM "vegetables"[0m
  ↳ app/views/vegetables/index.html.erb:4
  Rendered vegetables/index.html.erb within layouts/application (Duration: 6.0ms | Allocations: 527)
  Rendered layout layouts/application.html.erb (Duration: 41.7ms | Allocations: 5379)
Completed 200 OK in 45ms (Views: 42.2ms | ActiveRecord: 1.2ms | Allocations: 5641)


Started GET "/vegetables/new" for 127.0.0.1 at 2024-05-08 15:29:59 +0600
Processing by VegetablesController#new as HTML
  Rendering layout layouts/application.html.erb
  Rendering vegetables/new.html.erb within layouts/application
  Rendered vegetables/_form.html.erb (Duration: 6.5ms | Allocations: 791)
  Rendered vegetables/new.html.erb within layouts/application (Duration: 8.4ms | Allocations: 914)
  Rendered layout layouts/application.html.erb (Duration: 54.7ms | Allocations: 5536)
Completed 200 OK in 59ms (Views: 56.8ms | ActiveRecord: 0.0ms | Allocations: 5800)


Started GET "/" for 127.0.0.1 at 2024-05-08 15:30:01 +0600
Processing by VegetablesController#index as HTML
  Rendering layout layouts/application.html.erb
  Rendering vegetables/index.html.erb within layouts/application
  [1m[36mVegetable Load (1.7ms)[0m  [1m[34mSELECT "vegetables".* FROM "vegetables"[0m
  ↳ app/views/vegetables/index.html.erb:4
  Rendered vegetables/index.html.erb within layouts/application (Duration: 10.8ms | Allocations: 525)
  Rendered layout layouts/application.html.erb (Duration: 59.7ms | Allocations: 5381)
Completed 200 OK in 67ms (Views: 61.2ms | ActiveRecord: 1.6ms | Allocations: 5656)


Started GET "/" for 127.0.0.1 at 2024-05-08 15:30:03 +0600
Processing by VegetablesController#index as HTML
  Rendering layout layouts/application.html.erb
  Rendering vegetables/index.html.erb within layouts/application
  [1m[36mVegetable Load (1.6ms)[0m  [1m[34mSELECT "vegetables".* FROM "vegetables"[0m
  ↳ app/views/vegetables/index.html.erb:4
  Rendered vegetables/index.html.erb within layouts/application (Duration: 9.0ms | Allocations: 525)
  Rendered layout layouts/application.html.erb (Duration: 70.2ms | Allocations: 5383)
Completed 200 OK in 78ms (Views: 74.0ms | ActiveRecord: 1.5ms | Allocations: 5643)


Started GET "/" for 127.0.0.1 at 2024-05-08 15:30:04 +0600
Processing by VegetablesController#index as HTML
  Rendering layout layouts/application.html.erb
  Rendering vegetables/index.html.erb within layouts/application
  [1m[36mVegetable Load (3.3ms)[0m  [1m[34mSELECT "vegetables".* FROM "vegetables"[0m
  ↳ app/views/vegetables/index.html.erb:4
  Rendered vegetables/index.html.erb within layouts/application (Duration: 10.3ms | Allocations: 525)
  Rendered layout layouts/application.html.erb (Duration: 68.0ms | Allocations: 5383)
Completed 200 OK in 76ms (Views: 70.3ms | ActiveRecord: 3.3ms | Allocations: 5644)


Started GET "/vegetables/new" for 127.0.0.1 at 2024-05-08 15:30:05 +0600
Processing by VegetablesController#new as HTML
  Rendering layout layouts/application.html.erb
  Rendering vegetables/new.html.erb within layouts/application
  Rendered vegetables/_form.html.erb (Duration: 7.0ms | Allocations: 788)
  Rendered vegetables/new.html.erb within layouts/application (Duration: 8.6ms | Allocations: 911)
  Rendered layout layouts/application.html.erb (Duration: 45.0ms | Allocations: 5533)
Completed 200 OK in 49ms (Views: 47.2ms | ActiveRecord: 0.0ms | Allocations: 5797)


Started POST "/vegetables" for 127.0.0.1 at 2024-05-08 15:30:13 +0600
Processing by VegetablesController#create as TURBO_STREAM
  Parameters: {"authenticity_token"=>"[FILTERED]", "vegetable"=>{"name"=>"Bean", "description"=>"ggkhkjgjj"}, "commit"=>"Create Vegetable"}
  Rendering layout layouts/application.html.erb
  Rendering vegetables/new.html.erb within layouts/application
  Rendered vegetables/_form.html.erb (Duration: 8.9ms | Allocations: 1301)
  Rendered vegetables/new.html.erb within layouts/application (Duration: 11.7ms | Allocations: 1427)
  Rendered layout layouts/application.html.erb (Duration: 48.5ms | Allocations: 6045)
Completed 422 Unprocessable Entity in 56ms (Views: 50.9ms | ActiveRecord: 0.0ms | Allocations: 7137)


Started POST "/vegetables" for 127.0.0.1 at 2024-05-08 15:30:18 +0600
Processing by VegetablesController#create as TURBO_STREAM
  Parameters: {"authenticity_token"=>"[FILTERED]", "vegetable"=>{"name"=>"Bean", "description"=>"ggkhkjgjjvhjjk"}, "commit"=>"Create Vegetable"}
  [1m[36mTRANSACTION (0.4ms)[0m  [1m[35mBEGIN[0m
  ↳ app/controllers/vegetables_controller.rb:17:in `create'
  [1m[36mVegetable Create (6.7ms)[0m  [1m[32mINSERT INTO "vegetables" ("name", "description", "created_at", "updated_at") VALUES ($1, $2, $3, $4) RETURNING "id"[0m  [["name", "Bean"], ["description", "ggkhkjgjjvhjjk"], ["created_at", "2024-05-08 09:30:18.289144"], ["updated_at", "2024-05-08 09:30:18.289144"]]
  ↳ app/controllers/vegetables_controller.rb:17:in `create'
  [1m[36mTRANSACTION (100.7ms)[0m  [1m[35mCOMMIT[0m
  ↳ app/controllers/vegetables_controller.rb:17:in `create'
Redirected to http://127.0.0.1:3000/vegetables/4
Completed 302 Found in 126ms (ActiveRecord: 107.7ms | Allocations: 3157)


Started GET "/vegetables/4" for 127.0.0.1 at 2024-05-08 15:30:18 +0600
Processing by VegetablesController#show as TURBO_STREAM
  Parameters: {"id"=>"4"}
  [1m[36mVegetable Load (0.7ms)[0m  [1m[34mSELECT "vegetables".* FROM "vegetables" WHERE "vegetables"."id" = $1 LIMIT $2[0m  [["id", 4], ["LIMIT", 1]]
  ↳ app/controllers/vegetables_controller.rb:7:in `show'
  Rendering layout layouts/application.html.erb
  Rendering vegetables/show.html.erb within layouts/application
  Rendered vegetables/show.html.erb within layouts/application (Duration: 1.0ms | Allocations: 82)
  Rendered layout layouts/application.html.erb (Duration: 53.3ms | Allocations: 5027)
Completed 200 OK in 63ms (Views: 55.5ms | ActiveRecord: 0.7ms | Allocations: 5702)


Started GET "/" for 127.0.0.1 at 2024-05-08 15:30:21 +0600
Processing by VegetablesController#index as HTML
  Rendering layout layouts/application.html.erb
  Rendering vegetables/index.html.erb within layouts/application
  [1m[36mVegetable Load (1.1ms)[0m  [1m[34mSELECT "vegetables".* FROM "vegetables"[0m
  ↳ app/views/vegetables/index.html.erb:4
  Rendered vegetables/index.html.erb within layouts/application (Duration: 7.1ms | Allocations: 561)
  Rendered layout layouts/application.html.erb (Duration: 50.9ms | Allocations: 5516)
Completed 200 OK in 55ms (Views: 52.2ms | ActiveRecord: 1.0ms | Allocations: 5779)


Started GET "/vegetables/4" for 127.0.0.1 at 2024-05-08 15:30:23 +0600
Processing by VegetablesController#show as HTML
  Parameters: {"id"=>"4"}
  [1m[36mVegetable Load (0.8ms)[0m  [1m[34mSELECT "vegetables".* FROM "vegetables" WHERE "vegetables"."id" = $1 LIMIT $2[0m  [["id", 4], ["LIMIT", 1]]
  ↳ app/controllers/vegetables_controller.rb:7:in `show'
  Rendering layout layouts/application.html.erb
  Rendering vegetables/show.html.erb within layouts/application
  Rendered vegetables/show.html.erb within layouts/application (Duration: 1.0ms | Allocations: 82)
  Rendered layout layouts/application.html.erb (Duration: 34.3ms | Allocations: 5014)
Completed 200 OK in 44ms (Views: 37.5ms | ActiveRecord: 0.7ms | Allocations: 5686)


Started DELETE "/vegetables/4?_method=delete" for 127.0.0.1 at 2024-05-08 15:30:28 +0600
Processing by VegetablesController#destroy as TURBO_STREAM
  Parameters: {"id"=>"4"}
  [1m[36mVegetable Load (1.1ms)[0m  [1m[34mSELECT "vegetables".* FROM "vegetables" WHERE "vegetables"."id" = $1 LIMIT $2[0m  [["id", 4], ["LIMIT", 1]]
  ↳ app/controllers/vegetables_controller.rb:38:in `destroy'
  [1m[36mTRANSACTION (0.3ms)[0m  [1m[35mBEGIN[0m
  ↳ app/controllers/vegetables_controller.rb:39:in `destroy'
  [1m[36mVegetable Destroy (6.2ms)[0m  [1m[31mDELETE FROM "vegetables" WHERE "vegetables"."id" = $1[0m  [["id", 4]]
  ↳ app/controllers/vegetables_controller.rb:39:in `destroy'
  [1m[36mTRANSACTION (94.1ms)[0m  [1m[35mCOMMIT[0m
  ↳ app/controllers/vegetables_controller.rb:39:in `destroy'
Redirected to http://127.0.0.1:3000/
Completed 303 See Other in 136ms (ActiveRecord: 101.5ms | Allocations: 2110)


Started GET "/" for 127.0.0.1 at 2024-05-08 15:30:28 +0600
Processing by VegetablesController#index as TURBO_STREAM
  Rendering layout layouts/application.html.erb
  Rendering vegetables/index.html.erb within layouts/application
  [1m[36mVegetable Load (1.0ms)[0m  [1m[34mSELECT "vegetables".* FROM "vegetables"[0m
  ↳ app/views/vegetables/index.html.erb:4
  Rendered vegetables/index.html.erb within layouts/application (Duration: 6.6ms | Allocations: 525)
  Rendered layout layouts/application.html.erb (Duration: 41.4ms | Allocations: 5389)
Completed 200 OK in 45ms (Views: 42.4ms | ActiveRecord: 0.9ms | Allocations: 5654)


Started GET "/vegetables/new" for 127.0.0.1 at 2024-05-08 15:30:30 +0600
Processing by VegetablesController#new as HTML
  Rendering layout layouts/application.html.erb
  Rendering vegetables/new.html.erb within layouts/application
  Rendered vegetables/_form.html.erb (Duration: 6.9ms | Allocations: 785)
  Rendered vegetables/new.html.erb within layouts/application (Duration: 8.3ms | Allocations: 908)
  Rendered layout layouts/application.html.erb (Duration: 45.7ms | Allocations: 5530)
Completed 200 OK in 50ms (Views: 47.9ms | ActiveRecord: 0.0ms | Allocations: 5794)


Started GET "/vegetables/new" for 127.0.0.1 at 2024-05-08 15:30:42 +0600
Processing by VegetablesController#new as HTML
  Rendering layout layouts/application.html.erb
  Rendering vegetables/new.html.erb within layouts/application
  Rendered vegetables/_form.html.erb (Duration: 7.1ms | Allocations: 1221)
  Rendered vegetables/new.html.erb within layouts/application (Duration: 10.7ms | Allocations: 1501)
  Rendered layout layouts/application.html.erb (Duration: 133.0ms | Allocations: 24481)
Completed 200 OK in 175ms (Views: 140.3ms | ActiveRecord: 9.1ms | Allocations: 28509)


Started GET "/" for 127.0.0.1 at 2024-05-08 21:13:24 +0600
  [1m[36mActiveRecord::SchemaMigration Load (70.9ms)[0m  [1m[34mSELECT "schema_migrations"."version" FROM "schema_migrations" ORDER BY "schema_migrations"."version" ASC[0m
Processing by VegetablesController#index as HTML
  Rendering layout layouts/application.html.erb
  Rendering vegetables/index.html.erb within layouts/application
  [1m[36mVegetable Load (54.0ms)[0m  [1m[34mSELECT "vegetables".* FROM "vegetables"[0m
  ↳ app/views/vegetables/index.html.erb:4
  Rendered vegetables/index.html.erb within layouts/application (Duration: 397.6ms | Allocations: 12622)
  Rendered layout layouts/application.html.erb (Duration: 1088.5ms | Allocations: 62820)
Completed 200 OK in 1275ms (Views: 834.4ms | ActiveRecord: 272.5ms | Allocations: 72877)


  [1m[35m (0.8ms)[0m  [1m[34mSELECT pg_try_advisory_lock(1042603844265157860)[0m
  [1m[36mActiveRecord::SchemaMigration Load (1.5ms)[0m  [1m[34mSELECT "schema_migrations"."version" FROM "schema_migrations" ORDER BY "schema_migrations"."version" ASC[0m
  [1m[36mActiveRecord::InternalMetadata Load (42.0ms)[0m  [1m[34mSELECT * FROM "ar_internal_metadata" WHERE "ar_internal_metadata"."key" = $1 ORDER BY "ar_internal_metadata"."key" ASC LIMIT 1[0m  [[nil, "environment"]]
  [1m[35m (0.5ms)[0m  [1m[34mSELECT pg_advisory_unlock(1042603844265157860)[0m
  [1m[36mActiveRecord::SchemaMigration Load (0.5ms)[0m  [1m[34mSELECT "schema_migrations"."version" FROM "schema_migrations" ORDER BY "schema_migrations"."version" ASC[0m
Started GET "/" for 127.0.0.1 at 2024-05-08 21:19:07 +0600
  [1m[36mActiveRecord::SchemaMigration Load (1.8ms)[0m  [1m[34mSELECT "schema_migrations"."version" FROM "schema_migrations" ORDER BY "schema_migrations"."version" ASC[0m
Processing by VegetablesController#index as HTML
  Rendering layout layouts/application.html.erb
  Rendering vegetables/index.html.erb within layouts/application
  [1m[36mVegetable Load (1.5ms)[0m  [1m[34mSELECT "vegetables".* FROM "vegetables"[0m
  ↳ app/views/vegetables/index.html.erb:4
  Rendered vegetables/index.html.erb within layouts/application (Duration: 135.0ms | Allocations: 12623)
  Rendered layout layouts/application.html.erb (Duration: 406.5ms | Allocations: 63112)
Completed 200 OK in 491ms (Views: 386.6ms | ActiveRecord: 30.0ms | Allocations: 73169)


Started GET "/vegetables/new" for 127.0.0.1 at 2024-05-08 21:19:09 +0600
Processing by VegetablesController#new as HTML
  Rendering layout layouts/application.html.erb
  Rendering vegetables/new.html.erb within layouts/application
  Rendered vegetables/_form.html.erb (Duration: 37.5ms | Allocations: 2048)
  Rendered vegetables/new.html.erb within layouts/application (Duration: 54.8ms | Allocations: 2345)
  Rendered layout layouts/application.html.erb (Duration: 88.4ms | Allocations: 6967)
Completed 200 OK in 104ms (Views: 90.4ms | ActiveRecord: 0.0ms | Allocations: 7332)


Started GET "/" for 127.0.0.1 at 2024-05-08 21:19:14 +0600
Processing by VegetablesController#index as HTML
  Rendering layout layouts/application.html.erb
  Rendering vegetables/index.html.erb within layouts/application
  [1m[36mVegetable Load (2.1ms)[0m  [1m[34mSELECT "vegetables".* FROM "vegetables"[0m
  ↳ app/views/vegetables/index.html.erb:4
  Rendered vegetables/index.html.erb within layouts/application (Duration: 8.6ms | Allocations: 534)
  Rendered layout layouts/application.html.erb (Duration: 57.7ms | Allocations: 5392)
Completed 200 OK in 62ms (Views: 58.2ms | ActiveRecord: 2.1ms | Allocations: 5660)


Started GET "/vegetables/new" for 127.0.0.1 at 2024-05-08 21:19:16 +0600
Processing by VegetablesController#new as HTML
  Rendering layout layouts/application.html.erb
  Rendering vegetables/new.html.erb within layouts/application
  Rendered vegetables/_form.html.erb (Duration: 6.0ms | Allocations: 774)
  Rendered vegetables/new.html.erb within layouts/application (Duration: 7.0ms | Allocations: 837)
  Rendered layout layouts/application.html.erb (Duration: 56.5ms | Allocations: 5459)
Completed 200 OK in 60ms (Views: 58.5ms | ActiveRecord: 0.0ms | Allocations: 5729)


Started POST "/vegetables" for 127.0.0.1 at 2024-05-08 21:19:21 +0600
Processing by VegetablesController#create as TURBO_STREAM
  Parameters: {"authenticity_token"=>"[FILTERED]", "vegetable"=>{"name"=>"Bean", "description"=>"aaaaaaaaaaaaaaaaaaa"}, "commit"=>"Create Vegetable"}
  [1m[36mTRANSACTION (6.7ms)[0m  [1m[35mBEGIN[0m
  ↳ app/controllers/vegetables_controller.rb:17:in `create'
  [1m[36mVegetable Create (247.7ms)[0m  [1m[32mINSERT INTO "vegetables" ("name", "description", "created_at", "updated_at") VALUES ($1, $2, $3, $4) RETURNING "id"[0m  [["name", "Bean"], ["description", "aaaaaaaaaaaaaaaaaaa"], ["created_at", "2024-05-08 15:19:21.380831"], ["updated_at", "2024-05-08 15:19:21.380831"]]
  ↳ app/controllers/vegetables_controller.rb:17:in `create'
  [1m[36mTRANSACTION (80.5ms)[0m  [1m[35mCOMMIT[0m
  ↳ app/controllers/vegetables_controller.rb:17:in `create'
Redirected to http://127.0.0.1:3000/vegetables/5
Completed 302 Found in 351ms (ActiveRecord: 334.7ms | Allocations: 3567)


Started GET "/vegetables/5" for 127.0.0.1 at 2024-05-08 21:19:21 +0600
Processing by VegetablesController#show as TURBO_STREAM
  Parameters: {"id"=>"5"}
  [1m[36mVegetable Load (1.0ms)[0m  [1m[34mSELECT "vegetables".* FROM "vegetables" WHERE "vegetables"."id" = $1 LIMIT $2[0m  [["id", 5], ["LIMIT", 1]]
  ↳ app/controllers/vegetables_controller.rb:7:in `show'
  Rendering layout layouts/application.html.erb
  Rendering vegetables/show.html.erb within layouts/application
  Rendered vegetables/show.html.erb within layouts/application (Duration: 9.2ms | Allocations: 261)
  Rendered layout layouts/application.html.erb (Duration: 66.3ms | Allocations: 5127)
Completed 200 OK in 114ms (Views: 69.7ms | ActiveRecord: 1.5ms | Allocations: 7694)


Started GET "/" for 127.0.0.1 at 2024-05-08 21:19:25 +0600
Processing by VegetablesController#index as HTML
  Rendering layout layouts/application.html.erb
  Rendering vegetables/index.html.erb within layouts/application
  [1m[36mVegetable Load (1.6ms)[0m  [1m[34mSELECT "vegetables".* FROM "vegetables"[0m
  ↳ app/views/vegetables/index.html.erb:4
  Rendered vegetables/index.html.erb within layouts/application (Duration: 34.3ms | Allocations: 561)
  Rendered layout layouts/application.html.erb (Duration: 89.8ms | Allocations: 5524)
Completed 200 OK in 94ms (Views: 90.5ms | ActiveRecord: 1.5ms | Allocations: 5787)


  [1m[35m (36.6ms)[0m  [1m[35mCREATE DATABASE "store_development" ENCODING = 'unicode'[0m
  [1m[35m (1.4ms)[0m  [1m[35mCREATE DATABASE "store_test" ENCODING = 'unicode'[0m
  [1m[35m (0.4ms)[0m  [1m[34mSELECT pg_try_advisory_lock(1042603844265157860)[0m
  [1m[36mActiveRecord::SchemaMigration Load (1.0ms)[0m  [1m[34mSELECT "schema_migrations"."version" FROM "schema_migrations" ORDER BY "schema_migrations"."version" ASC[0m
  [1m[36mActiveRecord::InternalMetadata Load (1.1ms)[0m  [1m[34mSELECT * FROM "ar_internal_metadata" WHERE "ar_internal_metadata"."key" = $1 ORDER BY "ar_internal_metadata"."key" ASC LIMIT 1[0m  [[nil, "environment"]]
  [1m[35m (0.4ms)[0m  [1m[34mSELECT pg_advisory_unlock(1042603844265157860)[0m
  [1m[36mActiveRecord::SchemaMigration Load (0.4ms)[0m  [1m[34mSELECT "schema_migrations"."version" FROM "schema_migrations" ORDER BY "schema_migrations"."version" ASC[0m
Started GET "/" for 127.0.0.1 at 2024-05-08 21:24:54 +0600
  [1m[36mActiveRecord::SchemaMigration Load (2.6ms)[0m  [1m[34mSELECT "schema_migrations"."version" FROM "schema_migrations" ORDER BY "schema_migrations"."version" ASC[0m
Processing by VegetablesController#index as HTML
  Rendering layout layouts/application.html.erb
  Rendering vegetables/index.html.erb within layouts/application
  [1m[36mVegetable Load (1.2ms)[0m  [1m[34mSELECT "vegetables".* FROM "vegetables"[0m
  ↳ app/views/vegetables/index.html.erb:4
  Rendered vegetables/index.html.erb within layouts/application (Duration: 146.4ms | Allocations: 12658)
  Rendered layout layouts/application.html.erb (Duration: 421.7ms | Allocations: 62521)
Completed 200 OK in 515ms (Views: 395.9ms | ActiveRecord: 35.0ms | Allocations: 72573)


